openCVLibrary330/build/intermediates/manifest_merge_blame_file/debug/manifest-merger-blame-debug-report.txt
1<?xml version="1.0" encoding="utf-8"?>
2<manifest xmlns:android="http://schemas.android.com/apk/res/android"
3    package="org.opencv"
4    android:versionCode="2"
5    android:versionName="1.2.1.20200414" > <!-- <uses-sdk android:minSdkVersion="15" android:targetSdkVersion="27" /> -->
6    <uses-sdk
7        android:minSdkVersion="21"
7-->src\main\AndroidManifest.xml
8        android:targetSdkVersion="27" />
8-->src\main\AndroidManifest.xml
9
10</manifest>